<?xml version="1.0" encoding="UTF-8"?>
<testng-results ignored="0" total="1" passed="1" failed="0" skipped="0">
  <reporter-output>
  </reporter-output>
  <suite started-at="2024-08-27T14:12:08 IST" name="Default suite" finished-at="2024-08-27T14:12:36 IST" duration-ms="27217">
    <groups>
    </groups>
    <test started-at="2024-08-27T14:12:08 IST" name="Default test" finished-at="2024-08-27T14:12:36 IST" duration-ms="27217">
      <class name="testcases.TC_05_CheckAssessmentCompleted">
        <test-method is-config="true" signature="beforeSuite()[pri:0, instance:testcases.TC_05_CheckAssessmentCompleted@1033576a]" started-at="2024-08-27T14:12:08 IST" name="beforeSuite" finished-at="2024-08-27T14:12:08 IST" duration-ms="472" status="PASS">
          <reporter-output>
          </reporter-output>
        </test-method> <!-- beforeSuite -->
        <test-method is-config="true" signature="beforeTest()[pri:0, instance:testcases.TC_05_CheckAssessmentCompleted@1033576a]" started-at="2024-08-27T14:12:08 IST" name="beforeTest" finished-at="2024-08-27T14:12:08 IST" duration-ms="1" status="PASS">
          <reporter-output>
          </reporter-output>
        </test-method> <!-- beforeTest -->
        <test-method is-config="true" signature="startTestCase()[pri:0, instance:testcases.TC_05_CheckAssessmentCompleted@1033576a]" started-at="2024-08-27T14:12:08 IST" name="startTestCase" finished-at="2024-08-27T14:12:08 IST" duration-ms="0" status="PASS">
          <reporter-output>
          </reporter-output>
        </test-method> <!-- startTestCase -->
        <test-method is-config="true" signature="beforeMethod()[pri:0, instance:testcases.TC_05_CheckAssessmentCompleted@1033576a]" started-at="2024-08-27T14:12:08 IST" name="beforeMethod" finished-at="2024-08-27T14:12:08 IST" duration-ms="7" status="PASS">
          <reporter-output>
          </reporter-output>
        </test-method> <!-- beforeMethod -->
        <test-method signature="createAccount()[pri:0, instance:testcases.TC_05_CheckAssessmentCompleted@1033576a]" started-at="2024-08-27T14:12:08 IST" name="createAccount" finished-at="2024-08-27T14:12:35 IST" duration-ms="26425" status="PASS">
          <reporter-output>
          </reporter-output>
        </test-method> <!-- createAccount -->
        <test-method is-config="true" signature="afterMethod()[pri:0, instance:testcases.TC_05_CheckAssessmentCompleted@1033576a]" started-at="2024-08-27T14:12:35 IST" name="afterMethod" finished-at="2024-08-27T14:12:36 IST" duration-ms="732" status="PASS">
          <reporter-output>
          </reporter-output>
        </test-method> <!-- afterMethod -->
        <test-method is-config="true" signature="afterTest()[pri:0, instance:testcases.TC_05_CheckAssessmentCompleted@1033576a]" started-at="2024-08-27T14:12:36 IST" name="afterTest" finished-at="2024-08-27T14:12:36 IST" duration-ms="1" status="PASS">
          <reporter-output>
          </reporter-output>
        </test-method> <!-- afterTest -->
        <test-method is-config="true" signature="afterSuite()[pri:0, instance:testcases.TC_05_CheckAssessmentCompleted@1033576a]" started-at="2024-08-27T14:12:36 IST" name="afterSuite" finished-at="2024-08-27T14:12:36 IST" duration-ms="528" status="PASS">
          <reporter-output>
          </reporter-output>
        </test-method> <!-- afterSuite -->
      </class> <!-- testcases.TC_05_CheckAssessmentCompleted -->
    </test> <!-- Default test -->
  </suite> <!-- Default suite -->
</testng-results>
