<?xml version="1.0" encoding="UTF-8"?>
<testng-results ignored="0" total="1" passed="1" failed="0" skipped="0">
  <reporter-output>
  </reporter-output>
  <suite started-at="2024-09-12T10:54:24 IST" name="Default suite" finished-at="2024-09-12T10:54:50 IST" duration-ms="25864">
    <groups>
    </groups>
    <test started-at="2024-09-12T10:54:24 IST" name="Default test" finished-at="2024-09-12T10:54:50 IST" duration-ms="25864">
      <class name="testcases.TC02_Selectsubject">
        <test-method is-config="true" signature="beforeSuite()[pri:0, instance:testcases.TC02_Selectsubject@247310d0]" started-at="2024-09-12T10:54:23 IST" name="beforeSuite" finished-at="2024-09-12T10:54:24 IST" duration-ms="652" status="PASS">
          <reporter-output>
          </reporter-output>
        </test-method> <!-- beforeSuite -->
        <test-method is-config="true" signature="beforeTest()[pri:0, instance:testcases.TC02_Selectsubject@247310d0]" started-at="2024-09-12T10:54:24 IST" name="beforeTest" finished-at="2024-09-12T10:54:24 IST" duration-ms="1" status="PASS">
          <reporter-output>
          </reporter-output>
        </test-method> <!-- beforeTest -->
        <test-method is-config="true" signature="startTestCase()[pri:0, instance:testcases.TC02_Selectsubject@247310d0]" started-at="2024-09-12T10:54:24 IST" name="startTestCase" finished-at="2024-09-12T10:54:24 IST" duration-ms="1" status="PASS">
          <reporter-output>
          </reporter-output>
        </test-method> <!-- startTestCase -->
        <test-method is-config="true" signature="beforeMethod()[pri:0, instance:testcases.TC02_Selectsubject@247310d0]" started-at="2024-09-12T10:54:24 IST" name="beforeMethod" finished-at="2024-09-12T10:54:24 IST" duration-ms="8" status="PASS">
          <reporter-output>
          </reporter-output>
        </test-method> <!-- beforeMethod -->
        <test-method signature="SelectSubject()[pri:0, instance:testcases.TC02_Selectsubject@247310d0]" started-at="2024-09-12T10:54:24 IST" name="SelectSubject" finished-at="2024-09-12T10:54:49 IST" duration-ms="25212" status="PASS">
          <reporter-output>
          </reporter-output>
        </test-method> <!-- SelectSubject -->
        <test-method is-config="true" signature="afterMethod()[pri:0, instance:testcases.TC02_Selectsubject@247310d0]" started-at="2024-09-12T10:54:49 IST" name="afterMethod" finished-at="2024-09-12T10:54:50 IST" duration-ms="571" status="PASS">
          <reporter-output>
          </reporter-output>
        </test-method> <!-- afterMethod -->
        <test-method is-config="true" signature="afterTest()[pri:0, instance:testcases.TC02_Selectsubject@247310d0]" started-at="2024-09-12T10:54:50 IST" name="afterTest" finished-at="2024-09-12T10:54:50 IST" duration-ms="0" status="PASS">
          <reporter-output>
          </reporter-output>
        </test-method> <!-- afterTest -->
        <test-method is-config="true" signature="afterSuite()[pri:0, instance:testcases.TC02_Selectsubject@247310d0]" started-at="2024-09-12T10:54:50 IST" name="afterSuite" finished-at="2024-09-12T10:54:51 IST" duration-ms="526" status="PASS">
          <reporter-output>
          </reporter-output>
        </test-method> <!-- afterSuite -->
      </class> <!-- testcases.TC02_Selectsubject -->
    </test> <!-- Default test -->
  </suite> <!-- Default suite -->
</testng-results>
