<?xml version="1.0" encoding="UTF-8"?>
<testng-results ignored="0" total="1" passed="1" failed="0" skipped="0">
  <reporter-output>
  </reporter-output>
  <suite started-at="2024-08-07T16:05:46 IST" name="WebApplication" finished-at="2024-08-07T16:06:01 IST" duration-ms="15162">
    <groups>
    </groups>
    <test started-at="2024-08-07T16:05:46 IST" name="Default test" finished-at="2024-08-07T16:06:01 IST" duration-ms="15162">
      <class name="testcases.TC01_CreateAcount">
        <test-method is-config="true" signature="beforeSuite()[pri:0, instance:testcases.TC01_CreateAcount@66982506]" started-at="2024-08-07T16:05:46 IST" name="beforeSuite" finished-at="2024-08-07T16:05:46 IST" duration-ms="451" status="PASS">
          <reporter-output>
          </reporter-output>
        </test-method> <!-- beforeSuite -->
        <test-method is-config="true" signature="beforeTest()[pri:0, instance:testcases.TC01_CreateAcount@66982506]" started-at="2024-08-07T16:05:46 IST" name="beforeTest" finished-at="2024-08-07T16:05:46 IST" duration-ms="0" status="PASS">
          <reporter-output>
          </reporter-output>
        </test-method> <!-- beforeTest -->
        <test-method is-config="true" signature="startTestCase()[pri:0, instance:testcases.TC01_CreateAcount@66982506]" started-at="2024-08-07T16:05:46 IST" name="startTestCase" finished-at="2024-08-07T16:05:46 IST" duration-ms="1" status="PASS">
          <reporter-output>
          </reporter-output>
        </test-method> <!-- startTestCase -->
        <test-method is-config="true" signature="beforeMethod()[pri:0, instance:testcases.TC01_CreateAcount@66982506]" started-at="2024-08-07T16:05:46 IST" name="beforeMethod" finished-at="2024-08-07T16:05:46 IST" duration-ms="9" status="PASS">
          <reporter-output>
          </reporter-output>
        </test-method> <!-- beforeMethod -->
        <test-method signature="createAccount()[pri:0, instance:testcases.TC01_CreateAcount@66982506]" started-at="2024-08-07T16:05:46 IST" name="createAccount" finished-at="2024-08-07T16:06:01 IST" duration-ms="14535" status="PASS">
          <reporter-output>
          </reporter-output>
        </test-method> <!-- createAccount -->
        <test-method is-config="true" signature="afterMethod()[pri:0, instance:testcases.TC01_CreateAcount@66982506]" started-at="2024-08-07T16:06:01 IST" name="afterMethod" finished-at="2024-08-07T16:06:01 IST" duration-ms="558" status="PASS">
          <reporter-output>
          </reporter-output>
        </test-method> <!-- afterMethod -->
        <test-method is-config="true" signature="afterTest()[pri:0, instance:testcases.TC01_CreateAcount@66982506]" started-at="2024-08-07T16:06:01 IST" name="afterTest" finished-at="2024-08-07T16:06:01 IST" duration-ms="0" status="PASS">
          <reporter-output>
          </reporter-output>
        </test-method> <!-- afterTest -->
        <test-method is-config="true" signature="afterSuite()[pri:0, instance:testcases.TC01_CreateAcount@66982506]" started-at="2024-08-07T16:06:01 IST" name="afterSuite" finished-at="2024-08-07T16:06:02 IST" duration-ms="561" status="PASS">
          <reporter-output>
          </reporter-output>
        </test-method> <!-- afterSuite -->
      </class> <!-- testcases.TC01_CreateAcount -->
    </test> <!-- Default test -->
  </suite> <!-- WebApplication -->
</testng-results>
