<?xml version="1.0" encoding="UTF-8"?>
<testng-results ignored="0" total="1" passed="1" failed="0" skipped="0">
  <reporter-output>
  </reporter-output>
  <suite started-at="2024-09-20T15:48:47 IST" name="Default suite" finished-at="2024-09-20T15:51:29 IST" duration-ms="161638">
    <groups>
    </groups>
    <test started-at="2024-09-20T15:48:47 IST" name="Default test" finished-at="2024-09-20T15:51:29 IST" duration-ms="161638">
      <class name="cartPageModule.TC_01_cartPage">
        <test-method is-config="true" signature="beforeSuite()[pri:0, instance:cartPageModule.TC_01_cartPage@4201c465]" started-at="2024-09-20T15:48:46 IST" name="beforeSuite" finished-at="2024-09-20T15:48:47 IST" duration-ms="640" status="PASS">
          <reporter-output>
          </reporter-output>
        </test-method> <!-- beforeSuite -->
        <test-method is-config="true" signature="beforeTest()[pri:0, instance:cartPageModule.TC_01_cartPage@4201c465]" started-at="2024-09-20T15:48:47 IST" name="beforeTest" finished-at="2024-09-20T15:48:47 IST" duration-ms="1" status="PASS">
          <reporter-output>
          </reporter-output>
        </test-method> <!-- beforeTest -->
        <test-method is-config="true" signature="startTestCase()[pri:0, instance:cartPageModule.TC_01_cartPage@4201c465]" started-at="2024-09-20T15:48:47 IST" name="startTestCase" finished-at="2024-09-20T15:48:47 IST" duration-ms="0" status="PASS">
          <reporter-output>
          </reporter-output>
        </test-method> <!-- startTestCase -->
        <test-method is-config="true" signature="beforeMethod()[pri:0, instance:cartPageModule.TC_01_cartPage@4201c465]" started-at="2024-09-20T15:48:47 IST" name="beforeMethod" finished-at="2024-09-20T15:48:47 IST" duration-ms="8" status="PASS">
          <reporter-output>
          </reporter-output>
        </test-method> <!-- beforeMethod -->
        <test-method signature="Cartpage()[pri:0, instance:cartPageModule.TC_01_cartPage@4201c465]" started-at="2024-09-20T15:48:47 IST" name="Cartpage" finished-at="2024-09-20T15:51:28 IST" duration-ms="161150" status="PASS">
          <reporter-output>
          </reporter-output>
        </test-method> <!-- Cartpage -->
        <test-method is-config="true" signature="afterMethod()[pri:0, instance:cartPageModule.TC_01_cartPage@4201c465]" started-at="2024-09-20T15:51:28 IST" name="afterMethod" finished-at="2024-09-20T15:51:29 IST" duration-ms="412" status="PASS">
          <reporter-output>
          </reporter-output>
        </test-method> <!-- afterMethod -->
        <test-method is-config="true" signature="afterTest()[pri:0, instance:cartPageModule.TC_01_cartPage@4201c465]" started-at="2024-09-20T15:51:29 IST" name="afterTest" finished-at="2024-09-20T15:51:29 IST" duration-ms="1" status="PASS">
          <reporter-output>
          </reporter-output>
        </test-method> <!-- afterTest -->
        <test-method is-config="true" signature="afterSuite()[pri:0, instance:cartPageModule.TC_01_cartPage@4201c465]" started-at="2024-09-20T15:51:29 IST" name="afterSuite" finished-at="2024-09-20T15:51:29 IST" duration-ms="507" status="PASS">
          <reporter-output>
          </reporter-output>
        </test-method> <!-- afterSuite -->
      </class> <!-- cartPageModule.TC_01_cartPage -->
    </test> <!-- Default test -->
  </suite> <!-- Default suite -->
</testng-results>
