<?xml version="1.0" encoding="UTF-8"?>
<testng-results ignored="0" total="1" passed="1" failed="0" skipped="0">
  <reporter-output>
  </reporter-output>
  <suite started-at="2024-09-23T12:48:16 IST" name="Default suite" finished-at="2024-09-23T12:49:01 IST" duration-ms="45149">
    <groups>
    </groups>
    <test started-at="2024-09-23T12:48:16 IST" name="Default test" finished-at="2024-09-23T12:49:01 IST" duration-ms="45149">
      <class name="testcase_assessment_module.TC_08_Pass_Fail_Check">
        <test-method is-config="true" signature="beforeSuite()[pri:0, instance:testcase_assessment_module.TC_08_Pass_Fail_Check@7a5ceedd]" started-at="2024-09-23T12:48:16 IST" name="beforeSuite" finished-at="2024-09-23T12:48:16 IST" duration-ms="366" status="PASS">
          <reporter-output>
          </reporter-output>
        </test-method> <!-- beforeSuite -->
        <test-method is-config="true" signature="beforeTest()[pri:0, instance:testcase_assessment_module.TC_08_Pass_Fail_Check@7a5ceedd]" started-at="2024-09-23T12:48:16 IST" name="beforeTest" finished-at="2024-09-23T12:48:16 IST" duration-ms="2" status="PASS">
          <reporter-output>
          </reporter-output>
        </test-method> <!-- beforeTest -->
        <test-method is-config="true" signature="startTestCase()[pri:0, instance:testcase_assessment_module.TC_08_Pass_Fail_Check@7a5ceedd]" started-at="2024-09-23T12:48:16 IST" name="startTestCase" finished-at="2024-09-23T12:48:16 IST" duration-ms="1" status="PASS">
          <reporter-output>
          </reporter-output>
        </test-method> <!-- startTestCase -->
        <test-method is-config="true" signature="beforeMethod()[pri:0, instance:testcase_assessment_module.TC_08_Pass_Fail_Check@7a5ceedd]" started-at="2024-09-23T12:48:16 IST" name="beforeMethod" finished-at="2024-09-23T12:48:16 IST" duration-ms="5" status="PASS">
          <reporter-output>
          </reporter-output>
        </test-method> <!-- beforeMethod -->
        <test-method signature="createAccount()[pri:0, instance:testcase_assessment_module.TC_08_Pass_Fail_Check@7a5ceedd]" started-at="2024-09-23T12:48:16 IST" name="createAccount" finished-at="2024-09-23T12:49:01 IST" duration-ms="44681" status="PASS">
          <reporter-output>
          </reporter-output>
        </test-method> <!-- createAccount -->
        <test-method is-config="true" signature="afterMethod()[pri:0, instance:testcase_assessment_module.TC_08_Pass_Fail_Check@7a5ceedd]" started-at="2024-09-23T12:49:01 IST" name="afterMethod" finished-at="2024-09-23T12:49:01 IST" duration-ms="411" status="PASS">
          <reporter-output>
          </reporter-output>
        </test-method> <!-- afterMethod -->
        <test-method is-config="true" signature="afterTest()[pri:0, instance:testcase_assessment_module.TC_08_Pass_Fail_Check@7a5ceedd]" started-at="2024-09-23T12:49:01 IST" name="afterTest" finished-at="2024-09-23T12:49:01 IST" duration-ms="1" status="PASS">
          <reporter-output>
          </reporter-output>
        </test-method> <!-- afterTest -->
        <test-method is-config="true" signature="afterSuite()[pri:0, instance:testcase_assessment_module.TC_08_Pass_Fail_Check@7a5ceedd]" started-at="2024-09-23T12:49:01 IST" name="afterSuite" finished-at="2024-09-23T12:49:02 IST" duration-ms="473" status="PASS">
          <reporter-output>
          </reporter-output>
        </test-method> <!-- afterSuite -->
      </class> <!-- testcase_assessment_module.TC_08_Pass_Fail_Check -->
    </test> <!-- Default test -->
  </suite> <!-- Default suite -->
</testng-results>
