<?xml version="1.0" encoding="UTF-8"?>
<testng-results ignored="0" total="1" passed="1" failed="0" skipped="0">
  <reporter-output>
  </reporter-output>
  <suite started-at="2024-09-23T12:53:27 IST" name="Default suite" finished-at="2024-09-23T12:53:41 IST" duration-ms="13513">
    <groups>
    </groups>
    <test started-at="2024-09-23T12:53:27 IST" name="Default test" finished-at="2024-09-23T12:53:41 IST" duration-ms="13513">
      <class name="signInPageModule.TC_02_SignInpage">
        <test-method is-config="true" signature="beforeSuite()[pri:0, instance:signInPageModule.TC_02_SignInpage@4201c465]" started-at="2024-09-23T12:53:27 IST" name="beforeSuite" finished-at="2024-09-23T12:53:27 IST" duration-ms="472" status="PASS">
          <reporter-output>
          </reporter-output>
        </test-method> <!-- beforeSuite -->
        <test-method is-config="true" signature="beforeTest()[pri:0, instance:signInPageModule.TC_02_SignInpage@4201c465]" started-at="2024-09-23T12:53:27 IST" name="beforeTest" finished-at="2024-09-23T12:53:27 IST" duration-ms="0" status="PASS">
          <reporter-output>
          </reporter-output>
        </test-method> <!-- beforeTest -->
        <test-method is-config="true" signature="startTestCase()[pri:0, instance:signInPageModule.TC_02_SignInpage@4201c465]" started-at="2024-09-23T12:53:27 IST" name="startTestCase" finished-at="2024-09-23T12:53:27 IST" duration-ms="3" status="PASS">
          <reporter-output>
          </reporter-output>
        </test-method> <!-- startTestCase -->
        <test-method is-config="true" signature="beforeMethod()[pri:0, instance:signInPageModule.TC_02_SignInpage@4201c465]" started-at="2024-09-23T12:53:27 IST" name="beforeMethod" finished-at="2024-09-23T12:53:27 IST" duration-ms="10" status="PASS">
          <reporter-output>
          </reporter-output>
        </test-method> <!-- beforeMethod -->
        <test-method signature="SignInpage()[pri:0, instance:signInPageModule.TC_02_SignInpage@4201c465]" started-at="2024-09-23T12:53:27 IST" name="SignInpage" finished-at="2024-09-23T12:53:40 IST" duration-ms="13085" status="PASS">
          <reporter-output>
          </reporter-output>
        </test-method> <!-- SignInpage -->
        <test-method is-config="true" signature="afterMethod()[pri:0, instance:signInPageModule.TC_02_SignInpage@4201c465]" started-at="2024-09-23T12:53:40 IST" name="afterMethod" finished-at="2024-09-23T12:53:41 IST" duration-ms="340" status="PASS">
          <reporter-output>
          </reporter-output>
        </test-method> <!-- afterMethod -->
        <test-method is-config="true" signature="afterTest()[pri:0, instance:signInPageModule.TC_02_SignInpage@4201c465]" started-at="2024-09-23T12:53:41 IST" name="afterTest" finished-at="2024-09-23T12:53:41 IST" duration-ms="1" status="PASS">
          <reporter-output>
          </reporter-output>
        </test-method> <!-- afterTest -->
        <test-method is-config="true" signature="afterSuite()[pri:0, instance:signInPageModule.TC_02_SignInpage@4201c465]" started-at="2024-09-23T12:53:41 IST" name="afterSuite" finished-at="2024-09-23T12:53:41 IST" duration-ms="539" status="PASS">
          <reporter-output>
          </reporter-output>
        </test-method> <!-- afterSuite -->
      </class> <!-- signInPageModule.TC_02_SignInpage -->
    </test> <!-- Default test -->
  </suite> <!-- Default suite -->
</testng-results>
