<?xml version="1.0" encoding="UTF-8"?>
<testng-results ignored="0" total="1" passed="1" failed="0" skipped="0">
  <reporter-output>
  </reporter-output>
  <suite started-at="2024-08-01T21:08:17 IST" name="Default suite" finished-at="2024-08-01T21:08:25 IST" duration-ms="8489">
    <groups>
    </groups>
    <test started-at="2024-08-01T21:08:17 IST" name="Default test" finished-at="2024-08-01T21:08:25 IST" duration-ms="8489">
      <class name="testcases.TC01_CreateAcount">
        <test-method is-config="true" signature="beforeSuite()[pri:0, instance:testcases.TC01_CreateAcount@1033576a]" started-at="2024-08-01T21:08:16 IST" name="beforeSuite" finished-at="2024-08-01T21:08:17 IST" duration-ms="386" status="PASS">
          <reporter-output>
          </reporter-output>
        </test-method> <!-- beforeSuite -->
        <test-method is-config="true" signature="beforeTest()[pri:0, instance:testcases.TC01_CreateAcount@1033576a]" started-at="2024-08-01T21:08:17 IST" name="beforeTest" finished-at="2024-08-01T21:08:17 IST" duration-ms="0" status="PASS">
          <reporter-output>
          </reporter-output>
        </test-method> <!-- beforeTest -->
        <test-method is-config="true" signature="startTestCase()[pri:0, instance:testcases.TC01_CreateAcount@1033576a]" started-at="2024-08-01T21:08:17 IST" name="startTestCase" finished-at="2024-08-01T21:08:17 IST" duration-ms="0" status="PASS">
          <reporter-output>
          </reporter-output>
        </test-method> <!-- startTestCase -->
        <test-method is-config="true" signature="beforeMethod()[pri:0, instance:testcases.TC01_CreateAcount@1033576a]" started-at="2024-08-01T21:08:17 IST" name="beforeMethod" finished-at="2024-08-01T21:08:17 IST" duration-ms="7" status="PASS">
          <reporter-output>
          </reporter-output>
        </test-method> <!-- beforeMethod -->
        <test-method signature="createAccount()[pri:0, instance:testcases.TC01_CreateAcount@1033576a]" started-at="2024-08-01T21:08:17 IST" name="createAccount" finished-at="2024-08-01T21:08:25 IST" duration-ms="8075" status="PASS">
          <reporter-output>
          </reporter-output>
        </test-method> <!-- createAccount -->
        <test-method is-config="true" signature="afterMethod()[pri:0, instance:testcases.TC01_CreateAcount@1033576a]" started-at="2024-08-01T21:08:25 IST" name="afterMethod" finished-at="2024-08-01T21:08:25 IST" duration-ms="331" status="PASS">
          <reporter-output>
          </reporter-output>
        </test-method> <!-- afterMethod -->
        <test-method is-config="true" signature="afterTest()[pri:0, instance:testcases.TC01_CreateAcount@1033576a]" started-at="2024-08-01T21:08:25 IST" name="afterTest" finished-at="2024-08-01T21:08:25 IST" duration-ms="1" status="PASS">
          <reporter-output>
          </reporter-output>
        </test-method> <!-- afterTest -->
        <test-method is-config="true" signature="afterSuite()[pri:0, instance:testcases.TC01_CreateAcount@1033576a]" started-at="2024-08-01T21:08:25 IST" name="afterSuite" finished-at="2024-08-01T21:08:26 IST" duration-ms="461" status="PASS">
          <reporter-output>
          </reporter-output>
        </test-method> <!-- afterSuite -->
      </class> <!-- testcases.TC01_CreateAcount -->
    </test> <!-- Default test -->
  </suite> <!-- Default suite -->
</testng-results>
