<?xml version="1.0" encoding="UTF-8"?>
<testng-results ignored="0" total="1" passed="1" failed="0" skipped="0">
  <reporter-output>
  </reporter-output>
  <suite started-at="2024-09-19T10:19:47 IST" name="Default suite" finished-at="2024-09-19T10:20:21 IST" duration-ms="34338">
    <groups>
    </groups>
    <test started-at="2024-09-19T10:19:47 IST" name="Default test" finished-at="2024-09-19T10:20:21 IST" duration-ms="34338">
      <class name="testcase_assessment_module.TC_02_Topic_Level_Assessment">
        <test-method is-config="true" signature="beforeSuite()[pri:0, instance:testcase_assessment_module.TC_02_Topic_Level_Assessment@1033576a]" started-at="2024-09-19T10:19:46 IST" name="beforeSuite" finished-at="2024-09-19T10:19:47 IST" duration-ms="475" status="PASS">
          <reporter-output>
          </reporter-output>
        </test-method> <!-- beforeSuite -->
        <test-method is-config="true" signature="beforeTest()[pri:0, instance:testcase_assessment_module.TC_02_Topic_Level_Assessment@1033576a]" started-at="2024-09-19T10:19:47 IST" name="beforeTest" finished-at="2024-09-19T10:19:47 IST" duration-ms="0" status="PASS">
          <reporter-output>
          </reporter-output>
        </test-method> <!-- beforeTest -->
        <test-method is-config="true" signature="startTestCase()[pri:0, instance:testcase_assessment_module.TC_02_Topic_Level_Assessment@1033576a]" started-at="2024-09-19T10:19:47 IST" name="startTestCase" finished-at="2024-09-19T10:19:47 IST" duration-ms="0" status="PASS">
          <reporter-output>
          </reporter-output>
        </test-method> <!-- startTestCase -->
        <test-method is-config="true" signature="beforeMethod()[pri:0, instance:testcase_assessment_module.TC_02_Topic_Level_Assessment@1033576a]" started-at="2024-09-19T10:19:47 IST" name="beforeMethod" finished-at="2024-09-19T10:19:47 IST" duration-ms="7" status="PASS">
          <reporter-output>
          </reporter-output>
        </test-method> <!-- beforeMethod -->
        <test-method signature="createAccount()[pri:0, instance:testcase_assessment_module.TC_02_Topic_Level_Assessment@1033576a]" started-at="2024-09-19T10:19:47 IST" name="createAccount" finished-at="2024-09-19T10:20:21 IST" duration-ms="33755" status="PASS">
          <reporter-output>
          </reporter-output>
        </test-method> <!-- createAccount -->
        <test-method is-config="true" signature="afterMethod()[pri:0, instance:testcase_assessment_module.TC_02_Topic_Level_Assessment@1033576a]" started-at="2024-09-19T10:20:21 IST" name="afterMethod" finished-at="2024-09-19T10:20:21 IST" duration-ms="512" status="PASS">
          <reporter-output>
          </reporter-output>
        </test-method> <!-- afterMethod -->
        <test-method is-config="true" signature="afterTest()[pri:0, instance:testcase_assessment_module.TC_02_Topic_Level_Assessment@1033576a]" started-at="2024-09-19T10:20:21 IST" name="afterTest" finished-at="2024-09-19T10:20:21 IST" duration-ms="1" status="PASS">
          <reporter-output>
          </reporter-output>
        </test-method> <!-- afterTest -->
        <test-method is-config="true" signature="afterSuite()[pri:0, instance:testcase_assessment_module.TC_02_Topic_Level_Assessment@1033576a]" started-at="2024-09-19T10:20:21 IST" name="afterSuite" finished-at="2024-09-19T10:20:22 IST" duration-ms="483" status="PASS">
          <reporter-output>
          </reporter-output>
        </test-method> <!-- afterSuite -->
      </class> <!-- testcase_assessment_module.TC_02_Topic_Level_Assessment -->
    </test> <!-- Default test -->
  </suite> <!-- Default suite -->
</testng-results>
