<?xml version="1.0" encoding="UTF-8"?>
<testng-results ignored="0" total="1" passed="1" failed="0" skipped="0">
  <reporter-output>
  </reporter-output>
  <suite started-at="2024-09-20T12:18:03 IST" name="Default suite" finished-at="2024-09-20T12:20:44 IST" duration-ms="160150">
    <groups>
    </groups>
    <test started-at="2024-09-20T12:18:03 IST" name="Default test" finished-at="2024-09-20T12:20:44 IST" duration-ms="160150">
      <class name="cartPageModule.TC_01_cartPage">
        <test-method is-config="true" signature="beforeSuite()[pri:0, instance:cartPageModule.TC_01_cartPage@3e0e1046]" started-at="2024-09-20T12:18:03 IST" name="beforeSuite" finished-at="2024-09-20T12:18:03 IST" duration-ms="864" status="PASS">
          <reporter-output>
          </reporter-output>
        </test-method> <!-- beforeSuite -->
        <test-method is-config="true" signature="beforeTest()[pri:0, instance:cartPageModule.TC_01_cartPage@3e0e1046]" started-at="2024-09-20T12:18:03 IST" name="beforeTest" finished-at="2024-09-20T12:18:03 IST" duration-ms="1" status="PASS">
          <reporter-output>
          </reporter-output>
        </test-method> <!-- beforeTest -->
        <test-method is-config="true" signature="startTestCase()[pri:0, instance:cartPageModule.TC_01_cartPage@3e0e1046]" started-at="2024-09-20T12:18:04 IST" name="startTestCase" finished-at="2024-09-20T12:18:04 IST" duration-ms="1" status="PASS">
          <reporter-output>
          </reporter-output>
        </test-method> <!-- startTestCase -->
        <test-method is-config="true" signature="beforeMethod()[pri:0, instance:cartPageModule.TC_01_cartPage@3e0e1046]" started-at="2024-09-20T12:18:04 IST" name="beforeMethod" finished-at="2024-09-20T12:18:04 IST" duration-ms="10" status="PASS">
          <reporter-output>
          </reporter-output>
        </test-method> <!-- beforeMethod -->
        <test-method signature="Cartpage()[pri:0, instance:cartPageModule.TC_01_cartPage@3e0e1046]" started-at="2024-09-20T12:18:04 IST" name="Cartpage" finished-at="2024-09-20T12:20:43 IST" duration-ms="159506" status="PASS">
          <reporter-output>
          </reporter-output>
        </test-method> <!-- Cartpage -->
        <test-method is-config="true" signature="afterMethod()[pri:0, instance:cartPageModule.TC_01_cartPage@3e0e1046]" started-at="2024-09-20T12:20:43 IST" name="afterMethod" finished-at="2024-09-20T12:20:44 IST" duration-ms="565" status="PASS">
          <reporter-output>
          </reporter-output>
        </test-method> <!-- afterMethod -->
        <test-method is-config="true" signature="afterTest()[pri:0, instance:cartPageModule.TC_01_cartPage@3e0e1046]" started-at="2024-09-20T12:20:44 IST" name="afterTest" finished-at="2024-09-20T12:20:44 IST" duration-ms="0" status="PASS">
          <reporter-output>
          </reporter-output>
        </test-method> <!-- afterTest -->
        <test-method is-config="true" signature="afterSuite()[pri:0, instance:cartPageModule.TC_01_cartPage@3e0e1046]" started-at="2024-09-20T12:20:44 IST" name="afterSuite" finished-at="2024-09-20T12:20:44 IST" duration-ms="740" status="PASS">
          <reporter-output>
          </reporter-output>
        </test-method> <!-- afterSuite -->
      </class> <!-- cartPageModule.TC_01_cartPage -->
    </test> <!-- Default test -->
  </suite> <!-- Default suite -->
</testng-results>
