<?xml version="1.0" encoding="UTF-8"?>
<testng-results ignored="0" total="1" passed="1" failed="0" skipped="0">
  <reporter-output>
  </reporter-output>
  <suite started-at="2024-09-17T15:51:36 IST" name="Default suite" finished-at="2024-09-17T15:52:15 IST" duration-ms="38507">
    <groups>
    </groups>
    <test started-at="2024-09-17T15:51:36 IST" name="Default test" finished-at="2024-09-17T15:52:15 IST" duration-ms="38507">
      <class name="myCoursePageModule.TC_01_MyCoursePage">
        <test-method is-config="true" signature="beforeSuite()[pri:0, instance:myCoursePageModule.TC_01_MyCoursePage@1df8da7a]" started-at="2024-09-17T15:51:36 IST" name="beforeSuite" finished-at="2024-09-17T15:51:36 IST" duration-ms="701" status="PASS">
          <reporter-output>
          </reporter-output>
        </test-method> <!-- beforeSuite -->
        <test-method is-config="true" signature="beforeTest()[pri:0, instance:myCoursePageModule.TC_01_MyCoursePage@1df8da7a]" started-at="2024-09-17T15:51:36 IST" name="beforeTest" finished-at="2024-09-17T15:51:36 IST" duration-ms="1" status="PASS">
          <reporter-output>
          </reporter-output>
        </test-method> <!-- beforeTest -->
        <test-method is-config="true" signature="startTestCase()[pri:0, instance:myCoursePageModule.TC_01_MyCoursePage@1df8da7a]" started-at="2024-09-17T15:51:36 IST" name="startTestCase" finished-at="2024-09-17T15:51:36 IST" duration-ms="0" status="PASS">
          <reporter-output>
          </reporter-output>
        </test-method> <!-- startTestCase -->
        <test-method is-config="true" signature="beforeMethod()[pri:0, instance:myCoursePageModule.TC_01_MyCoursePage@1df8da7a]" started-at="2024-09-17T15:51:36 IST" name="beforeMethod" finished-at="2024-09-17T15:51:36 IST" duration-ms="11" status="PASS">
          <reporter-output>
          </reporter-output>
        </test-method> <!-- beforeMethod -->
        <test-method signature="Mycoursepage()[pri:0, instance:myCoursePageModule.TC_01_MyCoursePage@1df8da7a]" started-at="2024-09-17T15:51:36 IST" name="Mycoursepage" finished-at="2024-09-17T15:52:14 IST" duration-ms="38088" status="PASS">
          <reporter-output>
          </reporter-output>
        </test-method> <!-- Mycoursepage -->
        <test-method is-config="true" signature="afterMethod()[pri:0, instance:myCoursePageModule.TC_01_MyCoursePage@1df8da7a]" started-at="2024-09-17T15:52:14 IST" name="afterMethod" finished-at="2024-09-17T15:52:15 IST" duration-ms="338" status="PASS">
          <reporter-output>
          </reporter-output>
        </test-method> <!-- afterMethod -->
        <test-method is-config="true" signature="afterTest()[pri:0, instance:myCoursePageModule.TC_01_MyCoursePage@1df8da7a]" started-at="2024-09-17T15:52:15 IST" name="afterTest" finished-at="2024-09-17T15:52:15 IST" duration-ms="1" status="PASS">
          <reporter-output>
          </reporter-output>
        </test-method> <!-- afterTest -->
        <test-method is-config="true" signature="afterSuite()[pri:0, instance:myCoursePageModule.TC_01_MyCoursePage@1df8da7a]" started-at="2024-09-17T15:52:15 IST" name="afterSuite" finished-at="2024-09-17T15:52:15 IST" duration-ms="483" status="PASS">
          <reporter-output>
          </reporter-output>
        </test-method> <!-- afterSuite -->
      </class> <!-- myCoursePageModule.TC_01_MyCoursePage -->
    </test> <!-- Default test -->
  </suite> <!-- Default suite -->
</testng-results>
