<?xml version="1.0" encoding="UTF-8"?>
<testng-results ignored="0" total="1" passed="1" failed="0" skipped="0">
  <reporter-output>
  </reporter-output>
  <suite started-at="2025-03-06T22:59:52 IST" name="Default suite" finished-at="2025-03-06T23:00:23 IST" duration-ms="30779">
    <groups>
    </groups>
    <test started-at="2025-03-06T22:59:52 IST" name="Default test" finished-at="2025-03-06T23:00:23 IST" duration-ms="30779">
      <class name="testcases.TC05_CheckAllWorkSpace">
        <test-method is-config="true" signature="beforeSuite()[pri:0, instance:testcases.TC05_CheckAllWorkSpace@765d7657]" started-at="2025-03-06T22:59:52 IST" name="beforeSuite" finished-at="2025-03-06T22:59:52 IST" duration-ms="583" status="PASS">
          <reporter-output>
          </reporter-output>
        </test-method> <!-- beforeSuite -->
        <test-method is-config="true" signature="beforeTest()[pri:0, instance:testcases.TC05_CheckAllWorkSpace@765d7657]" started-at="2025-03-06T22:59:52 IST" name="beforeTest" finished-at="2025-03-06T22:59:52 IST" duration-ms="0" status="PASS">
          <reporter-output>
          </reporter-output>
        </test-method> <!-- beforeTest -->
        <test-method is-config="true" signature="startTestCase()[pri:0, instance:testcases.TC05_CheckAllWorkSpace@765d7657]" started-at="2025-03-06T22:59:52 IST" name="startTestCase" finished-at="2025-03-06T22:59:52 IST" duration-ms="0" status="PASS">
          <reporter-output>
          </reporter-output>
        </test-method> <!-- startTestCase -->
        <test-method is-config="true" signature="beforeMethod()[pri:0, instance:testcases.TC05_CheckAllWorkSpace@765d7657]" started-at="2025-03-06T22:59:52 IST" name="beforeMethod" finished-at="2025-03-06T22:59:52 IST" duration-ms="6" status="PASS">
          <reporter-output>
          </reporter-output>
        </test-method> <!-- beforeMethod -->
        <test-method signature="signInCreateWorkspace()[pri:0, instance:testcases.TC05_CheckAllWorkSpace@765d7657]" started-at="2025-03-06T22:59:52 IST" name="signInCreateWorkspace" finished-at="2025-03-06T23:00:22 IST" duration-ms="30146" status="PASS">
          <reporter-output>
          </reporter-output>
        </test-method> <!-- signInCreateWorkspace -->
        <test-method is-config="true" signature="afterMethod()[pri:0, instance:testcases.TC05_CheckAllWorkSpace@765d7657]" started-at="2025-03-06T23:00:22 IST" name="afterMethod" finished-at="2025-03-06T23:00:23 IST" duration-ms="577" status="PASS">
          <reporter-output>
          </reporter-output>
        </test-method> <!-- afterMethod -->
        <test-method is-config="true" signature="afterTest()[pri:0, instance:testcases.TC05_CheckAllWorkSpace@765d7657]" started-at="2025-03-06T23:00:23 IST" name="afterTest" finished-at="2025-03-06T23:00:23 IST" duration-ms="0" status="PASS">
          <reporter-output>
          </reporter-output>
        </test-method> <!-- afterTest -->
        <test-method is-config="true" signature="afterSuite()[pri:0, instance:testcases.TC05_CheckAllWorkSpace@765d7657]" started-at="2025-03-06T23:00:23 IST" name="afterSuite" finished-at="2025-03-06T23:00:24 IST" duration-ms="986" status="PASS">
          <reporter-output>
          </reporter-output>
        </test-method> <!-- afterSuite -->
      </class> <!-- testcases.TC05_CheckAllWorkSpace -->
    </test> <!-- Default test -->
  </suite> <!-- Default suite -->
</testng-results>
